<?xml version="1.0" encoding="UTF-8"?>
<testsuite name="TeamCityReporterTest" tests="2" skipped="0" failures="0" errors="0" timestamp="2020-12-07T09:07:10" hostname="Alexanders-MBP" time="0.006">
  <properties/>
  <testcase name="should not show corrected lint error" classname="TeamCityReporterTest" time="0.005"/>
  <testcase name="should show single lint error" classname="TeamCityReporterTest" time="0.001"/>
  <system-out><![CDATA[]]></system-out>
  <system-err><![CDATA[]]></system-err>
</testsuite>
