<?xml version="1.0" encoding="UTF-8"?>
<testsuite name="TeamCityReporterProviderTest" tests="1" skipped="0" failures="0" errors="0" timestamp="2020-12-07T09:07:10" hostname="Alexanders-MBP" time="0.002">
  <properties/>
  <testcase name="should get provider" classname="TeamCityReporterProviderTest" time="0.002"/>
  <system-out><![CDATA[]]></system-out>
  <system-err><![CDATA[]]></system-err>
</testsuite>
